This is pdfTeX, Version 3.14159265-2.6-1.40.20 (MiKTeX 2.9.7250 64-bit) (preloaded format=pdflatex 2020.11.2)  1 OCT 2021 14:54
entering extended mode
**./main.tex
(main.tex
LaTeX2e <2019-10-01> patch level 3
("C:\Users\Giuseppe\AppData\Local\Programs\MiKTeX 2.9\tex/latex/base\book.cls"
Document Class: book 2019/10/25 v1.4k Standard LaTeX document class
("C:\Users\Giuseppe\AppData\Local\Programs\MiKTeX 2.9\tex/latex/base\bk12.clo"
File: bk12.clo 2019/10/25 v1.4k Standard LaTeX file (size option)
)
\c@part=\count80
\c@chapter=\count81
\c@section=\count82
\c@subsection=\count83
\c@subsubsection=\count84
\c@paragraph=\count85
\c@subparagraph=\count86
\c@figure=\count87
\c@table=\count88
\abovecaptionskip=\skip41
\belowcaptionskip=\skip42
\bibindent=\dimen102
)
("C:\Users\Giuseppe\AppData\Local\Programs\MiKTeX 2.9\tex/generic/babel\babel.s
ty"
Package: babel 2019/11/14 3.36 The Babel package

("C:\Users\Giuseppe\AppData\Local\Programs\MiKTeX 2.9\tex/generic/babel\switch.
def"
File: switch.def 2019/11/14 3.36 Babel switching mechanism
)
*************************************
* Local config file bblopts.cfg used
*

("C:\Users\Giuseppe\AppData\Local\Programs\MiKTeX 2.9\tex/latex/arabi\bblopts.c
fg"
File: bblopts.cfg 2005/09/08 v0.1 add Arabic and Farsi to "declared" options of
 babel
)
("C:\Users\Giuseppe\AppData\Local\Programs\MiKTeX 2.9\tex/latex/babel-italian\i
talian.ldf"
Language: italian 2019/11/16 v.1.4.03 Italian support for the babel system

("C:\Users\Giuseppe\AppData\Local\Programs\MiKTeX 2.9\tex/generic/babel\babel.d
ef"
File: babel.def 2019/11/14 3.36 Babel common definitions
\babel@savecnt=\count89
\U@D=\dimen103

("C:\Users\Giuseppe\AppData\Local\Programs\MiKTeX 2.9\tex/generic/babel\txtbabe
l.def")
\bbl@dirlevel=\count90
)
\it@lettering=\count91
\it@doublequoteactive=\count92
\it@ISOcompliance=\count93
))
("C:\Users\Giuseppe\AppData\Local\Programs\MiKTeX 2.9\tex/latex/etoolbox\etoolb
ox.sty"
Package: etoolbox 2019/09/21 v2.5h e-TeX tools for LaTeX (JAW)
\etb@tempcnta=\count94
)
("C:\Users\Giuseppe\AppData\Local\Programs\MiKTeX 2.9\tex/latex/base\inputenc.s
ty"
Package: inputenc 2018/08/11 v1.3c Input encoding file
\inpenc@prehook=\toks14
\inpenc@posthook=\toks15

("C:\Users\Giuseppe\AppData\Local\Programs\MiKTeX 2.9\tex/latex/ucs\utf8x.def"
File: utf8x.def 2004/10/17 UCS: Input encoding UTF-8
)) ("C:\Users\Giuseppe\AppData\Local\Programs\MiKTeX 2.9\tex/latex/ucs\ucs.sty"
Package: ucs 2013/05/11 v2.2 UCS: Unicode input support

("C:\Users\Giuseppe\AppData\Local\Programs\MiKTeX 2.9\tex/latex/ucs\uni-global.
def"
File: uni-global.def 2013/05/13 UCS: Unicode global data
)
\uc@secondtry=\count95
\uc@combtoks=\toks16
\uc@combtoksb=\toks17
\uc@temptokena=\toks18
)
("C:\Users\Giuseppe\AppData\Local\Programs\MiKTeX 2.9\tex/latex/tools\array.sty
"
Package: array 2019/08/31 v2.4l Tabular extension package (FMi)
\col@sep=\dimen104
\ar@mcellbox=\box27
\extrarowheight=\dimen105
\NC@list=\toks19
\extratabsurround=\skip43
\backup@length=\skip44
\ar@cellbox=\box28
)
("C:\Users\Giuseppe\AppData\Local\Programs\MiKTeX 2.9\tex/latex/multirow\multir
ow.sty"
Package: multirow 2019/05/31 v2.5 Span multiple rows of a table
\multirow@colwidth=\skip45
\multirow@cntb=\count96
\multirow@dima=\skip46
\bigstrutjot=\dimen106
)
("C:\Users\Giuseppe\AppData\Local\Programs\MiKTeX 2.9\tex/latex/tools\longtable
.sty"
Package: longtable 2019/02/06 v4.12 Multi-page Table package (DPC)
\LTleft=\skip47
\LTright=\skip48
\LTpre=\skip49
\LTpost=\skip50
\LTchunksize=\count97
\LTcapwidth=\dimen107
\LT@head=\box29
\LT@firsthead=\box30
\LT@foot=\box31
\LT@lastfoot=\box32
\LT@cols=\count98
\LT@rows=\count99
\c@LT@tables=\count100
\c@LT@chunks=\count101
\LT@p@ftn=\toks20
)
("C:\Users\Giuseppe\AppData\Local\Programs\MiKTeX 2.9\tex/latex/listings\listin
gs.sty"
("C:\Users\Giuseppe\AppData\Local\Programs\MiKTeX 2.9\tex/latex/graphics\keyval
.sty"
Package: keyval 2014/10/28 v1.15 key=value parser (DPC)
\KV@toks@=\toks21
)
\lst@mode=\count102
\lst@gtempboxa=\box33
\lst@token=\toks22
\lst@length=\count103
\lst@currlwidth=\dimen108
\lst@column=\count104
\lst@pos=\count105
\lst@lostspace=\dimen109
\lst@width=\dimen110
\lst@newlines=\count106
\lst@lineno=\count107
\lst@maxwidth=\dimen111

("C:\Users\Giuseppe\AppData\Local\Programs\MiKTeX 2.9\tex/latex/listings\lstmis
c.sty"
File: lstmisc.sty 2020/03/24 1.8d (Carsten Heinz)
\c@lstnumber=\count108
\lst@skipnumbers=\count109
\lst@framebox=\box34
)
("C:\Users\Giuseppe\AppData\Local\Programs\MiKTeX 2.9\tex/latex/listings\listin
gs.cfg"
File: listings.cfg 2020/03/24 1.8d listings configuration
))
Package: listings 2020/03/24 1.8d (Carsten Heinz)

("C:\Users\Giuseppe\AppData\Local\Programs\MiKTeX 2.9\tex/latex/ragged2e\ragged
2e.sty"
Package: ragged2e 2019/07/28 v2.2 ragged2e Package (MS)

("C:\Users\Giuseppe\AppData\Local\Programs\MiKTeX 2.9\tex/latex/ms\everysel.sty
"
Package: everysel 2011/10/28 v1.2 EverySelectfont Package (MS)
)
\CenteringLeftskip=\skip51
\RaggedLeftLeftskip=\skip52
\RaggedRightLeftskip=\skip53
\CenteringRightskip=\skip54
\RaggedLeftRightskip=\skip55
\RaggedRightRightskip=\skip56
\CenteringParfillskip=\skip57
\RaggedLeftParfillskip=\skip58
\RaggedRightParfillskip=\skip59
\JustifyingParfillskip=\skip60
\CenteringParindent=\skip61
\RaggedLeftParindent=\skip62
\RaggedRightParindent=\skip63
\JustifyingParindent=\skip64
)
("C:\Users\Giuseppe\AppData\Local\Programs\MiKTeX 2.9\tex/latex/setspace\setspa
ce.sty"
Package: setspace 2011/12/19 v6.7a set line spacing
)
("C:\Users\Giuseppe\AppData\Local\Programs\MiKTeX 2.9\tex/latex/amsmath\amsmath
.sty"
Package: amsmath 2019/11/16 v2.17d AMS math features
\@mathmargin=\skip65

For additional information on amsmath, use the `?' option.

("C:\Users\Giuseppe\AppData\Local\Programs\MiKTeX 2.9\tex/latex/amsmath\amstext
.sty"
Package: amstext 2000/06/29 v2.01 AMS text

("C:\Users\Giuseppe\AppData\Local\Programs\MiKTeX 2.9\tex/latex/amsmath\amsgen.
sty"
File: amsgen.sty 1999/11/30 v2.0 generic functions
\@emptytoks=\toks23
\ex@=\dimen112
))
("C:\Users\Giuseppe\AppData\Local\Programs\MiKTeX 2.9\tex/latex/amsmath\amsbsy.
sty"
Package: amsbsy 1999/11/29 v1.2d Bold Symbols
\pmbraise@=\dimen113
)
("C:\Users\Giuseppe\AppData\Local\Programs\MiKTeX 2.9\tex/latex/amsmath\amsopn.
sty"
Package: amsopn 2016/03/08 v2.02 operator names
)
\inf@bad=\count110
LaTeX Info: Redefining \frac on input line 227.
\uproot@=\count111
\leftroot@=\count112
LaTeX Info: Redefining \overline on input line 389.
\classnum@=\count113
\DOTSCASE@=\count114
LaTeX Info: Redefining \ldots on input line 486.
LaTeX Info: Redefining \dots on input line 489.
LaTeX Info: Redefining \cdots on input line 610.
\Mathstrutbox@=\box35
\strutbox@=\box36
\big@size=\dimen114
LaTeX Font Info:    Redeclaring font encoding OML on input line 733.
LaTeX Font Info:    Redeclaring font encoding OMS on input line 734.
\macc@depth=\count115
\c@MaxMatrixCols=\count116
\dotsspace@=\muskip10
\c@parentequation=\count117
\dspbrk@lvl=\count118
\tag@help=\toks24
\row@=\count119
\column@=\count120
\maxfields@=\count121
\andhelp@=\toks25
\eqnshift@=\dimen115
\alignsep@=\dimen116
\tagshift@=\dimen117
\tagwidth@=\dimen118
\totwidth@=\dimen119
\lineht@=\dimen120
\@envbody=\toks26
\multlinegap=\skip66
\multlinetaggap=\skip67
\mathdisplay@stack=\toks27
LaTeX Info: Redefining \[ on input line 2858.
LaTeX Info: Redefining \] on input line 2859.
)
("C:\Users\Giuseppe\AppData\Local\Programs\MiKTeX 2.9\tex/latex/graphics\graphi
cx.sty"
Package: graphicx 2017/06/01 v1.1a Enhanced LaTeX Graphics (DPC,SPQR)

("C:\Users\Giuseppe\AppData\Local\Programs\MiKTeX 2.9\tex/latex/graphics\graphi
cs.sty"
Package: graphics 2019/11/01 v1.3d Standard LaTeX Graphics (DPC,SPQR)

("C:\Users\Giuseppe\AppData\Local\Programs\MiKTeX 2.9\tex/latex/graphics\trig.s
ty"
Package: trig 2016/01/03 v1.10 sin cos tan (DPC)
)
("C:\Users\Giuseppe\AppData\Local\Programs\MiKTeX 2.9\tex/latex/graphics-cfg\gr
aphics.cfg"
File: graphics.cfg 2016/06/04 v1.11 sample graphics configuration
)
Package graphics Info: Driver file: pdftex.def on input line 105.

("C:\Users\Giuseppe\AppData\Local\Programs\MiKTeX 2.9\tex/latex/graphics-def\pd
ftex.def"
File: pdftex.def 2018/01/08 v1.0l Graphics/color driver for pdftex
))
\Gin@req@height=\dimen121
\Gin@req@width=\dimen122
)
("C:\Users\Giuseppe\AppData\Local\Programs\MiKTeX 2.9\tex/latex/todonotes\todon
otes.sty"
Package: todonotes 2021/06/04 v1.1.5 Todonotes source and documentation.
Package: todonotes 2021/06/04

("C:\Users\Giuseppe\AppData\Local\Programs\MiKTeX 2.9\tex/latex/base\ifthen.sty
"
Package: ifthen 2014/09/29 v1.1c Standard LaTeX ifthen package (DPC)
)
("C:\Users\Giuseppe\AppData\Local\Programs\MiKTeX 2.9\tex/latex/xkeyval\xkeyval
.sty"
Package: xkeyval 2014/12/03 v2.7a package option processing (HA)

("C:\Users\Giuseppe\AppData\Local\Programs\MiKTeX 2.9\tex/generic/xkeyval\xkeyv
al.tex"
("C:\Users\Giuseppe\AppData\Local\Programs\MiKTeX 2.9\tex/generic/xkeyval\xkvut
ils.tex"
\XKV@toks=\toks28
\XKV@tempa@toks=\toks29
)
\XKV@depth=\count122
File: xkeyval.tex 2014/12/03 v2.7a key=value parser (HA)
))
("C:\Users\Giuseppe\AppData\Local\Programs\MiKTeX 2.9\tex/latex/xcolor\xcolor.s
ty"
Package: xcolor 2016/05/11 v2.12 LaTeX color extensions (UK)

("C:\Users\Giuseppe\AppData\Local\Programs\MiKTeX 2.9\tex/latex/graphics-cfg\co
lor.cfg"
File: color.cfg 2016/01/02 v1.6 sample color configuration
)
Package xcolor Info: Driver file: pdftex.def on input line 225.
Package xcolor Info: Model `cmy' substituted by `cmy0' on input line 1348.
Package xcolor Info: Model `hsb' substituted by `rgb' on input line 1352.
Package xcolor Info: Model `RGB' extended on input line 1364.
Package xcolor Info: Model `HTML' substituted by `rgb' on input line 1366.
Package xcolor Info: Model `Hsb' substituted by `hsb' on input line 1367.
Package xcolor Info: Model `tHsb' substituted by `hsb' on input line 1368.
Package xcolor Info: Model `HSB' substituted by `hsb' on input line 1369.
Package xcolor Info: Model `Gray' substituted by `gray' on input line 1370.
Package xcolor Info: Model `wave' substituted by `hsb' on input line 1371.
)
("C:\Users\Giuseppe\AppData\Local\Programs\MiKTeX 2.9\tex/latex/pgf/frontendlay
er\tikz.sty"
("C:\Users\Giuseppe\AppData\Local\Programs\MiKTeX 2.9\tex/latex/pgf/basiclayer\
pgf.sty"
("C:\Users\Giuseppe\AppData\Local\Programs\MiKTeX 2.9\tex/latex/pgf/utilities\p
gfrcs.sty"
("C:\Users\Giuseppe\AppData\Local\Programs\MiKTeX 2.9\tex/generic/pgf/utilities
\pgfutil-common.tex"
\pgfutil@everybye=\toks30
\pgfutil@tempdima=\dimen123
\pgfutil@tempdimb=\dimen124

("C:\Users\Giuseppe\AppData\Local\Programs\MiKTeX 2.9\tex/generic/pgf/utilities
\pgfutil-common-lists.tex"))
("C:\Users\Giuseppe\AppData\Local\Programs\MiKTeX 2.9\tex/generic/pgf/utilities
\pgfutil-latex.def"
\pgfutil@abb=\box37

("C:\Users\Giuseppe\AppData\Local\Programs\MiKTeX 2.9\tex/latex/ms\everyshi.sty
"
Package: everyshi 2001/05/15 v3.00 EveryShipout Package (MS)
))
("C:\Users\Giuseppe\AppData\Local\Programs\MiKTeX 2.9\tex/generic/pgf/utilities
\pgfrcs.code.tex"
("C:\Users\Giuseppe\AppData\Local\Programs\MiKTeX 2.9\tex/generic/pgf\pgf.revis
ion.tex")
Package: pgfrcs 2020/10/01 v3.1.6a (3.1.6a)
))
Package: pgf 2020/10/01 v3.1.6a (3.1.6a)

("C:\Users\Giuseppe\AppData\Local\Programs\MiKTeX 2.9\tex/latex/pgf/basiclayer\
pgfcore.sty"
("C:\Users\Giuseppe\AppData\Local\Programs\MiKTeX 2.9\tex/latex/pgf/systemlayer
\pgfsys.sty"
("C:\Users\Giuseppe\AppData\Local\Programs\MiKTeX 2.9\tex/generic/pgf/systemlay
er\pgfsys.code.tex"
Package: pgfsys 2020/10/01 v3.1.6a (3.1.6a)

("C:\Users\Giuseppe\AppData\Local\Programs\MiKTeX 2.9\tex/generic/pgf/utilities
\pgfkeys.code.tex"
\pgfkeys@pathtoks=\toks31
\pgfkeys@temptoks=\toks32

("C:\Users\Giuseppe\AppData\Local\Programs\MiKTeX 2.9\tex/generic/pgf/utilities
\pgfkeysfiltered.code.tex"
\pgfkeys@tmptoks=\toks33
))
\pgf@x=\dimen125
\pgf@y=\dimen126
\pgf@xa=\dimen127
\pgf@ya=\dimen128
\pgf@xb=\dimen129
\pgf@yb=\dimen130
\pgf@xc=\dimen131
\pgf@yc=\dimen132
\pgf@xd=\dimen133
\pgf@yd=\dimen134
\w@pgf@writea=\write3
\r@pgf@reada=\read1
\c@pgf@counta=\count123
\c@pgf@countb=\count124
\c@pgf@countc=\count125
\c@pgf@countd=\count126
\t@pgf@toka=\toks34
\t@pgf@tokb=\toks35
\t@pgf@tokc=\toks36
\pgf@sys@id@count=\count127

("C:\Users\Giuseppe\AppData\Local\Programs\MiKTeX 2.9\tex/generic/pgf/systemlay
er\pgf.cfg"
File: pgf.cfg 2020/10/01 v3.1.6a (3.1.6a)
)
Driver file for pgf: pgfsys-pdftex.def

("C:\Users\Giuseppe\AppData\Local\Programs\MiKTeX 2.9\tex/generic/pgf/systemlay
er\pgfsys-pdftex.def"
File: pgfsys-pdftex.def 2020/10/01 v3.1.6a (3.1.6a)

("C:\Users\Giuseppe\AppData\Local\Programs\MiKTeX 2.9\tex/generic/pgf/systemlay
er\pgfsys-common-pdf.def"
File: pgfsys-common-pdf.def 2020/10/01 v3.1.6a (3.1.6a)
)))
("C:\Users\Giuseppe\AppData\Local\Programs\MiKTeX 2.9\tex/generic/pgf/systemlay
er\pgfsyssoftpath.code.tex"
File: pgfsyssoftpath.code.tex 2020/10/01 v3.1.6a (3.1.6a)
\pgfsyssoftpath@smallbuffer@items=\count128
\pgfsyssoftpath@bigbuffer@items=\count129
)
("C:\Users\Giuseppe\AppData\Local\Programs\MiKTeX 2.9\tex/generic/pgf/systemlay
er\pgfsysprotocol.code.tex"
File: pgfsysprotocol.code.tex 2020/10/01 v3.1.6a (3.1.6a)
))
("C:\Users\Giuseppe\AppData\Local\Programs\MiKTeX 2.9\tex/generic/pgf/basiclaye
r\pgfcore.code.tex"
Package: pgfcore 2020/10/01 v3.1.6a (3.1.6a)

("C:\Users\Giuseppe\AppData\Local\Programs\MiKTeX 2.9\tex/generic/pgf/math\pgfm
ath.code.tex"
("C:\Users\Giuseppe\AppData\Local\Programs\MiKTeX 2.9\tex/generic/pgf/math\pgfm
athcalc.code.tex"
("C:\Users\Giuseppe\AppData\Local\Programs\MiKTeX 2.9\tex/generic/pgf/math\pgfm
athutil.code.tex")
("C:\Users\Giuseppe\AppData\Local\Programs\MiKTeX 2.9\tex/generic/pgf/math\pgfm
athparser.code.tex"
\pgfmath@dimen=\dimen135
\pgfmath@count=\count130
\pgfmath@box=\box38
\pgfmath@toks=\toks37
\pgfmath@stack@operand=\toks38
\pgfmath@stack@operation=\toks39
)
("C:\Users\Giuseppe\AppData\Local\Programs\MiKTeX 2.9\tex/generic/pgf/math\pgfm
athfunctions.code.tex"
("C:\Users\Giuseppe\AppData\Local\Programs\MiKTeX 2.9\tex/generic/pgf/math\pgfm
athfunctions.basic.code.tex")
("C:\Users\Giuseppe\AppData\Local\Programs\MiKTeX 2.9\tex/generic/pgf/math\pgfm
athfunctions.trigonometric.code.tex")
("C:\Users\Giuseppe\AppData\Local\Programs\MiKTeX 2.9\tex/generic/pgf/math\pgfm
athfunctions.random.code.tex")
("C:\Users\Giuseppe\AppData\Local\Programs\MiKTeX 2.9\tex/generic/pgf/math\pgfm
athfunctions.comparison.code.tex")
("C:\Users\Giuseppe\AppData\Local\Programs\MiKTeX 2.9\tex/generic/pgf/math\pgfm
athfunctions.base.code.tex")
("C:\Users\Giuseppe\AppData\Local\Programs\MiKTeX 2.9\tex/generic/pgf/math\pgfm
athfunctions.round.code.tex")
("C:\Users\Giuseppe\AppData\Local\Programs\MiKTeX 2.9\tex/generic/pgf/math\pgfm
athfunctions.misc.code.tex")
("C:\Users\Giuseppe\AppData\Local\Programs\MiKTeX 2.9\tex/generic/pgf/math\pgfm
athfunctions.integerarithmetics.code.tex")))
("C:\Users\Giuseppe\AppData\Local\Programs\MiKTeX 2.9\tex/generic/pgf/math\pgfm
athfloat.code.tex"
\c@pgfmathroundto@lastzeros=\count131
))
("C:\Users\Giuseppe\AppData\Local\Programs\MiKTeX 2.9\tex/generic/pgf/math\pgfi
nt.code.tex")
("C:\Users\Giuseppe\AppData\Local\Programs\MiKTeX 2.9\tex/generic/pgf/basiclaye
r\pgfcorepoints.code.tex"
File: pgfcorepoints.code.tex 2020/10/01 v3.1.6a (3.1.6a)
\pgf@picminx=\dimen136
\pgf@picmaxx=\dimen137
\pgf@picminy=\dimen138
\pgf@picmaxy=\dimen139
\pgf@pathminx=\dimen140
\pgf@pathmaxx=\dimen141
\pgf@pathminy=\dimen142
\pgf@pathmaxy=\dimen143
\pgf@xx=\dimen144
\pgf@xy=\dimen145
\pgf@yx=\dimen146
\pgf@yy=\dimen147
\pgf@zx=\dimen148
\pgf@zy=\dimen149
)
("C:\Users\Giuseppe\AppData\Local\Programs\MiKTeX 2.9\tex/generic/pgf/basiclaye
r\pgfcorepathconstruct.code.tex"
File: pgfcorepathconstruct.code.tex 2020/10/01 v3.1.6a (3.1.6a)
\pgf@path@lastx=\dimen150
\pgf@path@lasty=\dimen151
)
("C:\Users\Giuseppe\AppData\Local\Programs\MiKTeX 2.9\tex/generic/pgf/basiclaye
r\pgfcorepathusage.code.tex"
File: pgfcorepathusage.code.tex 2020/10/01 v3.1.6a (3.1.6a)
\pgf@shorten@end@additional=\dimen152
\pgf@shorten@start@additional=\dimen153
)
("C:\Users\Giuseppe\AppData\Local\Programs\MiKTeX 2.9\tex/generic/pgf/basiclaye
r\pgfcorescopes.code.tex"
File: pgfcorescopes.code.tex 2020/10/01 v3.1.6a (3.1.6a)
\pgfpic=\box39
\pgf@hbox=\box40
\pgf@layerbox@main=\box41
\pgf@picture@serial@count=\count132
)
("C:\Users\Giuseppe\AppData\Local\Programs\MiKTeX 2.9\tex/generic/pgf/basiclaye
r\pgfcoregraphicstate.code.tex"
File: pgfcoregraphicstate.code.tex 2020/10/01 v3.1.6a (3.1.6a)
\pgflinewidth=\dimen154
)
("C:\Users\Giuseppe\AppData\Local\Programs\MiKTeX 2.9\tex/generic/pgf/basiclaye
r\pgfcoretransformations.code.tex"
File: pgfcoretransformations.code.tex 2020/10/01 v3.1.6a (3.1.6a)
\pgf@pt@x=\dimen155
\pgf@pt@y=\dimen156
\pgf@pt@temp=\dimen157
)
("C:\Users\Giuseppe\AppData\Local\Programs\MiKTeX 2.9\tex/generic/pgf/basiclaye
r\pgfcorequick.code.tex"
File: pgfcorequick.code.tex 2020/10/01 v3.1.6a (3.1.6a)
)
("C:\Users\Giuseppe\AppData\Local\Programs\MiKTeX 2.9\tex/generic/pgf/basiclaye
r\pgfcoreobjects.code.tex"
File: pgfcoreobjects.code.tex 2020/10/01 v3.1.6a (3.1.6a)
)
("C:\Users\Giuseppe\AppData\Local\Programs\MiKTeX 2.9\tex/generic/pgf/basiclaye
r\pgfcorepathprocessing.code.tex"
File: pgfcorepathprocessing.code.tex 2020/10/01 v3.1.6a (3.1.6a)
)
("C:\Users\Giuseppe\AppData\Local\Programs\MiKTeX 2.9\tex/generic/pgf/basiclaye
r\pgfcorearrows.code.tex"
File: pgfcorearrows.code.tex 2020/10/01 v3.1.6a (3.1.6a)
\pgfarrowsep=\dimen158
)
("C:\Users\Giuseppe\AppData\Local\Programs\MiKTeX 2.9\tex/generic/pgf/basiclaye
r\pgfcoreshade.code.tex"
File: pgfcoreshade.code.tex 2020/10/01 v3.1.6a (3.1.6a)
\pgf@max=\dimen159
\pgf@sys@shading@range@num=\count133
\pgf@shadingcount=\count134
)
("C:\Users\Giuseppe\AppData\Local\Programs\MiKTeX 2.9\tex/generic/pgf/basiclaye
r\pgfcoreimage.code.tex"
File: pgfcoreimage.code.tex 2020/10/01 v3.1.6a (3.1.6a)

("C:\Users\Giuseppe\AppData\Local\Programs\MiKTeX 2.9\tex/generic/pgf/basiclaye
r\pgfcoreexternal.code.tex"
File: pgfcoreexternal.code.tex 2020/10/01 v3.1.6a (3.1.6a)
\pgfexternal@startupbox=\box42
))
("C:\Users\Giuseppe\AppData\Local\Programs\MiKTeX 2.9\tex/generic/pgf/basiclaye
r\pgfcorelayers.code.tex"
File: pgfcorelayers.code.tex 2020/10/01 v3.1.6a (3.1.6a)
)
("C:\Users\Giuseppe\AppData\Local\Programs\MiKTeX 2.9\tex/generic/pgf/basiclaye
r\pgfcoretransparency.code.tex"
File: pgfcoretransparency.code.tex 2020/10/01 v3.1.6a (3.1.6a)
)
("C:\Users\Giuseppe\AppData\Local\Programs\MiKTeX 2.9\tex/generic/pgf/basiclaye
r\pgfcorepatterns.code.tex"
File: pgfcorepatterns.code.tex 2020/10/01 v3.1.6a (3.1.6a)
)
("C:\Users\Giuseppe\AppData\Local\Programs\MiKTeX 2.9\tex/generic/pgf/basiclaye
r\pgfcorerdf.code.tex"
File: pgfcorerdf.code.tex 2020/10/01 v3.1.6a (3.1.6a)
)))
("C:\Users\Giuseppe\AppData\Local\Programs\MiKTeX 2.9\tex/generic/pgf/modules\p
gfmoduleshapes.code.tex"
File: pgfmoduleshapes.code.tex 2020/10/01 v3.1.6a (3.1.6a)
\pgfnodeparttextbox=\box43
)
("C:\Users\Giuseppe\AppData\Local\Programs\MiKTeX 2.9\tex/generic/pgf/modules\p
gfmoduleplot.code.tex"
File: pgfmoduleplot.code.tex 2020/10/01 v3.1.6a (3.1.6a)
)
("C:\Users\Giuseppe\AppData\Local\Programs\MiKTeX 2.9\tex/latex/pgf/compatibili
ty\pgfcomp-version-0-65.sty"
Package: pgfcomp-version-0-65 2020/10/01 v3.1.6a (3.1.6a)
\pgf@nodesepstart=\dimen160
\pgf@nodesepend=\dimen161
)
("C:\Users\Giuseppe\AppData\Local\Programs\MiKTeX 2.9\tex/latex/pgf/compatibili
ty\pgfcomp-version-1-18.sty"
Package: pgfcomp-version-1-18 2020/10/01 v3.1.6a (3.1.6a)
))
("C:\Users\Giuseppe\AppData\Local\Programs\MiKTeX 2.9\tex/latex/pgf/utilities\p
gffor.sty"
("C:\Users\Giuseppe\AppData\Local\Programs\MiKTeX 2.9\tex/latex/pgf/utilities\p
gfkeys.sty"
("C:\Users\Giuseppe\AppData\Local\Programs\MiKTeX 2.9\tex/generic/pgf/utilities
\pgfkeys.code.tex"))
("C:\Users\Giuseppe\AppData\Local\Programs\MiKTeX 2.9\tex/latex/pgf/math\pgfmat
h.sty"
("C:\Users\Giuseppe\AppData\Local\Programs\MiKTeX 2.9\tex/generic/pgf/math\pgfm
ath.code.tex"))
("C:\Users\Giuseppe\AppData\Local\Programs\MiKTeX 2.9\tex/generic/pgf/utilities
\pgffor.code.tex"
Package: pgffor 2020/10/01 v3.1.6a (3.1.6a)

("C:\Users\Giuseppe\AppData\Local\Programs\MiKTeX 2.9\tex/generic/pgf/math\pgfm
ath.code.tex")
\pgffor@iter=\dimen162
\pgffor@skip=\dimen163
\pgffor@stack=\toks40
\pgffor@toks=\toks41
))
("C:\Users\Giuseppe\AppData\Local\Programs\MiKTeX 2.9\tex/generic/pgf/frontendl
ayer/tikz\tikz.code.tex"
Package: tikz 2020/10/01 v3.1.6a (3.1.6a)

("C:\Users\Giuseppe\AppData\Local\Programs\MiKTeX 2.9\tex/generic/pgf/libraries
\pgflibraryplothandlers.code.tex"
File: pgflibraryplothandlers.code.tex 2020/10/01 v3.1.6a (3.1.6a)
\pgf@plot@mark@count=\count135
\pgfplotmarksize=\dimen164
)
\tikz@lastx=\dimen165
\tikz@lasty=\dimen166
\tikz@lastxsaved=\dimen167
\tikz@lastysaved=\dimen168
\tikz@lastmovetox=\dimen169
\tikz@lastmovetoy=\dimen170
\tikzleveldistance=\dimen171
\tikzsiblingdistance=\dimen172
\tikz@figbox=\box44
\tikz@figbox@bg=\box45
\tikz@tempbox=\box46
\tikz@tempbox@bg=\box47
\tikztreelevel=\count136
\tikznumberofchildren=\count137
\tikznumberofcurrentchild=\count138
\tikz@fig@count=\count139

("C:\Users\Giuseppe\AppData\Local\Programs\MiKTeX 2.9\tex/generic/pgf/modules\p
gfmodulematrix.code.tex"
File: pgfmodulematrix.code.tex 2020/10/01 v3.1.6a (3.1.6a)
\pgfmatrixcurrentrow=\count140
\pgfmatrixcurrentcolumn=\count141
\pgf@matrix@numberofcolumns=\count142
)
\tikz@expandcount=\count143

("C:\Users\Giuseppe\AppData\Local\Programs\MiKTeX 2.9\tex/generic/pgf/frontendl
ayer/tikz/libraries\tikzlibrarytopaths.code.tex"
File: tikzlibrarytopaths.code.tex 2020/10/01 v3.1.6a (3.1.6a)
)))
("C:\Users\Giuseppe\AppData\Local\Programs\MiKTeX 2.9\tex/generic/pgf/frontendl
ayer/tikz/libraries\tikzlibrarypositioning.code.tex"
File: tikzlibrarypositioning.code.tex 2020/10/01 v3.1.6a (3.1.6a)
)
("C:\Users\Giuseppe\AppData\Local\Programs\MiKTeX 2.9\tex/latex/tools\calc.sty"
Package: calc 2017/05/25 v4.3 Infix arithmetic (KKT,FJ)
\calc@Acount=\count144
\calc@Bcount=\count145
\calc@Adimen=\dimen173
\calc@Bdimen=\dimen174
\calc@Askip=\skip68
\calc@Bskip=\skip69
LaTeX Info: Redefining \setlength on input line 80.
LaTeX Info: Redefining \addtolength on input line 81.
\calc@Ccount=\count146
\calc@Cskip=\skip70
)
\c@@todonotes@numberoftodonotes=\count147
)
("C:\Users\Giuseppe\AppData\Local\Programs\MiKTeX 2.9\tex/latex/glossaries/base
\glossaries.sty"
Package: glossaries 2020/03/19 v4.46 (NLCT)

("C:\Users\Giuseppe\AppData\Local\Programs\MiKTeX 2.9\tex/latex/mfirstuc\mfirst
uc.sty"
Package: mfirstuc 2017/11/14 v2.06 (NLCT)
\@glsmfirst=\toks42
\@glsmrest=\toks43
)
("C:\Users\Giuseppe\AppData\Local\Programs\MiKTeX 2.9\tex/latex/textcase\textca
se.sty"
Package: textcase 2019/09/14 v1.00 Text only upper/lower case changing (DPC)
)
("C:\Users\Giuseppe\AppData\Local\Programs\MiKTeX 2.9\tex/latex/xfor\xfor.sty"
Package: xfor 2009/02/05 v1.05 (NLCT)
)
("C:\Users\Giuseppe\AppData\Local\Programs\MiKTeX 2.9\tex/latex/datatool\datato
ol-base.sty"
Package: datatool-base 2019/09/27 v2.32 (NLCT)

("C:\Users\Giuseppe\AppData\Local\Programs\MiKTeX 2.9\tex/latex/substr\substr.s
ty"
Package: substr 2009/10/20 v1.2 Handle substrings
\c@su@anzahl=\count148
)
("C:\Users\Giuseppe\AppData\Local\Programs\MiKTeX 2.9\tex/latex/datatool\datato
ol-fp.sty"
Package: datatool-fp 2019/09/27 v2.32 (NLCT)

("C:\Users\Giuseppe\AppData\Local\Programs\MiKTeX 2.9\tex/latex/fp\fp.sty"
Package: fp 1995/04/02

`Fixed Point Package', Version 0.8, April 2, 1995 (C) Michael Mehlich
("C:\Users\Giuseppe\AppData\Local\Programs\MiKTeX 2.9\tex/latex/fp\defpattern.s
ty"
Package: defpattern 1994/10/12
\actioncount=\count149
)
("C:\Users\Giuseppe\AppData\Local\Programs\MiKTeX 2.9\tex/latex/fp\fp-basic.sty
"
Package: fp-basic 1996/05/13
\FP@xs=\count150
\FP@xia=\count151
\FP@xib=\count152
\FP@xfa=\count153
\FP@xfb=\count154
\FP@rega=\count155
\FP@regb=\count156
\FP@regs=\count157
\FP@times=\count158
)
("C:\Users\Giuseppe\AppData\Local\Programs\MiKTeX 2.9\tex/latex/fp\fp-addons.st
y"
Package: fp-addons 1995/03/15
)
("C:\Users\Giuseppe\AppData\Local\Programs\MiKTeX 2.9\tex/latex/fp\fp-snap.sty"
Package: fp-snap 1995/04/05
) ("C:\Users\Giuseppe\AppData\Local\Programs\MiKTeX 2.9\tex/latex/fp\fp-exp.sty
"
Package: fp-exp 1995/04/03
)
("C:\Users\Giuseppe\AppData\Local\Programs\MiKTeX 2.9\tex/latex/fp\fp-trigo.sty
"
Package: fp-trigo 1995/04/14
) ("C:\Users\Giuseppe\AppData\Local\Programs\MiKTeX 2.9\tex/latex/fp\fp-pas.sty
"
Package: fp-pas 1994/08/29
)
("C:\Users\Giuseppe\AppData\Local\Programs\MiKTeX 2.9\tex/latex/fp\fp-random.st
y"
Package: fp-random 1995/02/23
\FPseed=\count159
)
("C:\Users\Giuseppe\AppData\Local\Programs\MiKTeX 2.9\tex/latex/fp\fp-eqn.sty"
Package: fp-eqn 1995/04/03
) ("C:\Users\Giuseppe\AppData\Local\Programs\MiKTeX 2.9\tex/latex/fp\fp-upn.sty
"
Package: fp-upn 1996/10/21
) ("C:\Users\Giuseppe\AppData\Local\Programs\MiKTeX 2.9\tex/latex/fp\fp-eval.st
y"
Package: fp-eval 1995/04/03
)))
\@dtl@toks=\toks44
\@dtl@tmpcount=\count160
\dtl@tmplength=\skip71
\dtl@sortresult=\count161
\@dtl@numgrpsepcount=\count162
\@dtl@datatype=\count163
\dtl@codeA=\count164
\dtl@codeB=\count165
\@dtl@foreach@level=\count166
)
("C:\Users\Giuseppe\AppData\Local\Programs\MiKTeX 2.9\tex/latex/glossaries/base
\glossaries-compatible-307.sty"
Package: glossaries-compatible-307 2020/03/19 v4.46 (NLCT)
)
("C:\Users\Giuseppe\AppData\Local\Programs\MiKTeX 2.9\tex/latex/tracklang\track
lang.sty"
Package: tracklang 2020/06/30 v1.5 (NLCT) Track Languages

("C:\Users\Giuseppe\AppData\Local\Programs\MiKTeX 2.9\tex/generic/tracklang\tra
cklang.tex"))
("C:\Users\Giuseppe\AppData\Local\Programs\MiKTeX 2.9\tex/latex/translator\tran
slator.sty"
Package: translator 2021-05-31 v1.12d Easy translation of strings in LaTeX
)
("C:\Users\Giuseppe\AppData\Local\Programs\MiKTeX 2.9\tex/latex/glossaries-ital
ian\glossaries-italian.ldf"
File: glossaries-italian.ldf 2014/11/23 v1.0
)
\gls@level=\count167
\@gls@tmpb=\toks45
\gls@tmplen=\skip72
\glskeylisttok=\toks46
\glslabeltok=\toks47
\glsshorttok=\toks48
\glslongtok=\toks49

("C:\Users\Giuseppe\AppData\Local\Programs\MiKTeX 2.9\tex/latex/glossaries/styl
es\glossary-hypernav.sty"
Package: glossary-hypernav 2020/03/19 v4.46 (NLCT)
)
("C:\Users\Giuseppe\AppData\Local\Programs\MiKTeX 2.9\tex/latex/glossaries/styl
es\glossary-list.sty"
Package: glossary-list 2020/03/19 v4.46 (NLCT)
\glslistdottedwidth=\skip73
)
("C:\Users\Giuseppe\AppData\Local\Programs\MiKTeX 2.9\tex/latex/glossaries/styl
es\glossary-long.sty"
Package: glossary-long 2020/03/19 v4.46 (NLCT)
\glsdescwidth=\skip74
\glspagelistwidth=\skip75
)
("C:\Users\Giuseppe\AppData\Local\Programs\MiKTeX 2.9\tex/latex/glossaries/styl
es\glossary-super.sty"
Package: glossary-super 2020/03/19 v4.46 (NLCT)

("C:\Users\Giuseppe\AppData\Local\Programs\MiKTeX 2.9\tex/latex/supertabular\su
pertabular.sty"
Package: supertabular 2020/02/02 v4.1g the supertabular environment
\c@tracingst=\count168
\ST@wd=\dimen175
\ST@rightskip=\skip76
\ST@leftskip=\skip77
\ST@parfillskip=\skip78
\ST@pageleft=\dimen176
\ST@headht=\dimen177
\ST@tailht=\dimen178
\ST@pagesofar=\dimen179
\ST@pboxht=\dimen180
\ST@lineht=\dimen181
\ST@prevht=\dimen182
\ST@toadd=\dimen183
\ST@dimen=\dimen184
\ST@pbox=\box48
))
("C:\Users\Giuseppe\AppData\Local\Programs\MiKTeX 2.9\tex/latex/glossaries/styl
es\glossary-tree.sty"
Package: glossary-tree 2020/03/19 v4.46 (NLCT)
\glstreeindent=\skip79
))
("C:\Users\Giuseppe\AppData\Local\Programs\MiKTeX 2.9\tex/latex/colortbl\colort
bl.sty"
Package: colortbl 2020/01/04 v1.0e Color table columns (DPC)
\everycr=\toks50
\minrowclearance=\skip80
)
("C:\Users\Giuseppe\AppData\Local\Programs\MiKTeX 2.9\tex/latex/booktabs\bookta
bs.sty"
Package: booktabs 2020/01/12 v1.61803398 Publication quality tables
\heavyrulewidth=\dimen185
\lightrulewidth=\dimen186
\cmidrulewidth=\dimen187
\belowrulesep=\dimen188
\belowbottomsep=\dimen189
\aboverulesep=\dimen190
\abovetopsep=\dimen191
\cmidrulesep=\dimen192
\cmidrulekern=\dimen193
\defaultaddspace=\dimen194
\@cmidla=\count169
\@cmidlb=\count170
\@aboverulesep=\dimen195
\@belowrulesep=\dimen196
\@thisruleclass=\count171
\@lastruleclass=\count172
\@thisrulewidth=\dimen197
)
("C:\Users\Giuseppe\AppData\Local\Programs\MiKTeX 2.9\tex/latex/pdfpages\pdfpag
es.sty"
Package: pdfpages 2020/01/28 v0.5q Insert pages of external PDF documents (AM)

("C:\Users\Giuseppe\AppData\Local\Programs\MiKTeX 2.9\tex/latex/eso-pic\eso-pic
.sty"
Package: eso-pic 2018/04/12 v2.0h eso-pic (RN)

("C:\Users\Giuseppe\AppData\Local\Programs\MiKTeX 2.9\tex/generic/oberdiek\atbe
gshi.sty"
Package: atbegshi 2016/06/09 v1.18 At begin shipout hook (HO)

("C:\Users\Giuseppe\AppData\Local\Programs\MiKTeX 2.9\tex/generic/oberdiek\infw
arerr.sty"
Package: infwarerr 2016/05/16 v1.4 Providing info/warning/error messages (HO)
)
("C:\Users\Giuseppe\AppData\Local\Programs\MiKTeX 2.9\tex/generic/oberdiek\ltxc
mds.sty"
Package: ltxcmds 2016/05/16 v1.23 LaTeX kernel commands for general use (HO)
)
("C:\Users\Giuseppe\AppData\Local\Programs\MiKTeX 2.9\tex/generic/iftex\ifpdf.s
ty"
Package: ifpdf 2019/10/25 v3.4 ifpdf legacy package. Use iftex instead.

("C:\Users\Giuseppe\AppData\Local\Programs\MiKTeX 2.9\tex/generic/iftex\iftex.s
ty"
Package: iftex 2019/11/07 v1.0c TeX engine tests
))))
\AM@pagewidth=\dimen198
\AM@pageheight=\dimen199

("C:\Users\Giuseppe\AppData\Local\Programs\MiKTeX 2.9\tex/latex/pdfpages\pppdft
ex.def"
File: pppdftex.def 2020/01/28 v0.5q Pdfpages driver for pdfTeX (AM)
)
\AM@pagebox=\box49
\AM@global@opts=\toks51
\AM@pagecnt=\count173
\AM@toc@title=\toks52
\c@AM@survey=\count174
\AM@templatesizebox=\box50
)
("C:\Users\Giuseppe\AppData\Local\Programs\MiKTeX 2.9\tex/latex/fancyhdr\fancyh
dr.sty"
Package: fancyhdr 2019/01/31 v3.10 Extensive control of page headers and footer
s
\f@nch@headwidth=\skip81
\f@nch@O@elh=\skip82
\f@nch@O@erh=\skip83
\f@nch@O@olh=\skip84
\f@nch@O@orh=\skip85
\f@nch@O@elf=\skip86
\f@nch@O@erf=\skip87
\f@nch@O@olf=\skip88
\f@nch@O@orf=\skip89
) (main.aux (coverpage.aux) (Capitoli/Introduzione.aux)
(Capitoli/Processo_di_sviluppo.aux) (Capitoli/Documento_di_visione.aux)
(Capitoli/Specifica_dei_requisiti.aux) (Capitoli/Analisi_dei_requisiti.aux)
(Capitoli/Progettazione.aux) (Capitoli/Implementazione.aux))
\openout1 = `main.aux'.

LaTeX Font Info:    Checking defaults for OML/cmm/m/it on input line 27.
LaTeX Font Info:    ... okay on input line 27.
LaTeX Font Info:    Checking defaults for T1/cmr/m/n on input line 27.
LaTeX Font Info:    ... okay on input line 27.
LaTeX Font Info:    Checking defaults for OT1/cmr/m/n on input line 27.
LaTeX Font Info:    ... okay on input line 27.
LaTeX Font Info:    Checking defaults for OMS/cmsy/m/n on input line 27.
LaTeX Font Info:    ... okay on input line 27.
LaTeX Font Info:    Checking defaults for OMX/cmex/m/n on input line 27.
LaTeX Font Info:    ... okay on input line 27.
LaTeX Font Info:    Checking defaults for U/cmr/m/n on input line 27.
LaTeX Font Info:    ... okay on input line 27.
LaTeX Info: Redefining \it@ocap on input line 27.
LaTeX Info: Redefining \it@ccap on input line 27.


File italian.ldf warning: 
italian.ldf    With OT1 encoding guillemets are poorly faked
italian.ldf    Use T1 encoding
italian.ldf    or specify a font with command \CaporaliFrom
italian.ldf    See the documentation concerning the babel-italian typesetting 
italian.ldf    on input line 27.

("C:\Users\Giuseppe\AppData\Local\Programs\MiKTeX 2.9\tex/latex/ucs\ucsencs.def
"
File: ucsencs.def 2011/01/21 Fixes to fontencodings LGR, T3
)
\c@lstlisting=\count175
 ABD: EverySelectfont initializing macros
LaTeX Info: Redefining \selectfont on input line 27.

("C:\Users\Giuseppe\AppData\Local\Programs\MiKTeX 2.9\tex/context/base/mkii\sup
p-pdf.mkii"
[Loading MPS to PDF converter (version 2006.09.02).]
\scratchcounter=\count176
\scratchdimen=\dimen256
\scratchbox=\box51
\nofMPsegments=\count177
\nofMParguments=\count178
\everyMPshowfont=\toks53
\MPscratchCnt=\count179
\MPscratchDim=\dimen257
\MPnumerator=\count180
\makeMPintoPDFobject=\count181
\everyMPtoPDFconversion=\toks54
)
("C:\Users\Giuseppe\AppData\Local\Programs\MiKTeX 2.9\tex/latex/epstopdf-pkg\ep
stopdf-base.sty"
Package: epstopdf-base 2019/11/24 v2.7 Base part for package epstopdf

("C:\Users\Giuseppe\AppData\Local\Programs\MiKTeX 2.9\tex/latex/oberdiek\grfext
.sty"
Package: grfext 2016/05/16 v1.2 Manage graphics extensions (HO)

("C:\Users\Giuseppe\AppData\Local\Programs\MiKTeX 2.9\tex/generic/oberdiek\kvde
finekeys.sty"
Package: kvdefinekeys 2016/05/16 v1.4 Define keys (HO)
))
("C:\Users\Giuseppe\AppData\Local\Programs\MiKTeX 2.9\tex/latex/oberdiek\kvopti
ons.sty"
Package: kvoptions 2016/05/16 v3.12 Key value format for package options (HO)

("C:\Users\Giuseppe\AppData\Local\Programs\MiKTeX 2.9\tex/generic/oberdiek\kvse
tkeys.sty"
Package: kvsetkeys 2016/05/16 v1.17 Key value parser (HO)

("C:\Users\Giuseppe\AppData\Local\Programs\MiKTeX 2.9\tex/generic/oberdiek\etex
cmds.sty"
Package: etexcmds 2016/05/16 v1.6 Avoid name clashes with e-TeX commands (HO)

("C:\Users\Giuseppe\AppData\Local\Programs\MiKTeX 2.9\tex/generic/iftex\ifluate
x.sty"
Package: ifluatex 2019/10/25 v1.5 ifluatex legacy package. Use iftex instead.
))))
("C:\Users\Giuseppe\AppData\Local\Programs\MiKTeX 2.9\tex/latex/pdftexcmds\pdft
excmds.sty"
Package: pdftexcmds 2019/11/24 v0.31 Utility functions of pdfTeX for LuaTeX (HO
)
Package pdftexcmds Info: \pdf@primitive is available.
Package pdftexcmds Info: \pdf@ifprimitive is available.
Package pdftexcmds Info: \pdfdraftmode found.
)
Package epstopdf-base Info: Redefining graphics rule for `.eps' on input line 4
42.
Package grfext Info: Graphics extension search list:
(grfext)             [.pdf,.png,.jpg,.mps,.jpeg,.jbig2,.jb2,.PDF,.PNG,.JPG,.JPE
G,.JBIG2,.JB2,.eps]
(grfext)             \AppendGraphicsExtensions on input line 460.
) ABD: EveryShipout initializing macros

Package todonotes Warning: The length marginparwidth is less than 2cm and will 
most likely cause issues with the appearance of inserted todonotes. The issue c
an be solved by adding a line like \setlength {\marginparwidth }{2cm} prior to 
loading the todonotes package. on input line 27.

\AtBeginShipoutBox=\box52

("C:\Users\Giuseppe\AppData\Local\Programs\MiKTeX 2.9\tex/latex/oberdiek\pdflsc
ape.sty"
Package: pdflscape 2016/05/14 v0.11 Display of landscape pages in PDF (HO)

("C:\Users\Giuseppe\AppData\Local\Programs\MiKTeX 2.9\tex/latex/graphics\lscape
.sty"
Package: lscape 2000/10/22 v3.01 Landscape Pages (DPC)
)
Package pdflscape Info: Auto-detected driver: pdftex on input line 84.

("C:\Users\Giuseppe\AppData\Local\Programs\MiKTeX 2.9\tex/generic/iftex\ifxetex
.sty"
Package: ifxetex 2019/10/25 v0.7 ifxetex legacy package. Use iftex instead.
))
\openout2 = `coverpage.aux'.

 (coverpage.tex
<logo_unina.png, id=4, 770.88pt x 767.86874pt>
File: logo_unina.png Graphic file (type png)
<use logo_unina.png>
Package pdftex.def Info: logo_unina.png  used on input line 6.
(pdftex.def)             Requested size: 142.26378pt x 141.70198pt.


LaTeX Font Warning: Font shape `OT1/cmr/bx/sc' undefined
(Font)              using `OT1/cmr/bx/n' instead on input line 8.

("C:\Users\Giuseppe\AppData\Local\Programs\MiKTeX 2.9\tex/latex/ucs\uni-0.def"
File: uni-0.def 2013/05/13 UCS: Unicode data U+0000..U+00FF
) [1



{C:/Users/Giuseppe/AppData/Local/MiKTeX/2.9/pdftex/config/pdftex.map} <./logo_u
nina.png>]) (main.toc)
\tf@toc=\write4
\openout4 = `main.toc'.

 [1


]
\openout2 = `Capitoli/Introduzione.aux'.

 (Capitoli/Introduzione.tex
Capitolo 1.
LaTeX Font Info:    Trying to load font information for OMS+cmr on input line 5
.
("C:\Users\Giuseppe\AppData\Local\Programs\MiKTeX 2.9\tex/latex/base\omscmr.fd"
File: omscmr.fd 2014/09/29 v2.5h Standard LaTeX font definitions
)
LaTeX Font Info:    Font shape `OMS/cmr/m/n' in size <12> not available
(Font)              Font shape `OMS/cmsy/m/n' tried instead on input line 5.
) [2


]
\openout2 = `Capitoli/Processo_di_sviluppo.aux'.

 (Capitoli/Processo_di_sviluppo.tex
Capitolo 2.
) [3



]
\openout2 = `Capitoli/Documento_di_visione.aux'.

 (Capitoli/Documento_di_visione.tex
Capitolo 3.
("C:\Users\Giuseppe\AppData\Local\Programs\MiKTeX 2.9\tex/latex/ucs\uni-32.def"
File: uni-32.def 2013/05/13 UCS: Unicode data U+2000..U+20FF
)
Underfull \hbox (badness 10000) in paragraph at lines 19--20

 []

[4



]

Package Fancyhdr Warning: \headheight is too small (12.0pt): 
Make it at least 14.49998pt.
We now make it that large for the rest of the document.
This may cause the page layout to be inconsistent, however.

[5]) [6]
\openout2 = `Capitoli/Specifica_dei_requisiti.aux'.

 (Capitoli/Specifica_dei_requisiti.tex
Capitolo 4.
<Immagini/AttoriPrimari.png, id=34, 765.6103pt x 310.91156pt>
File: Immagini/AttoriPrimari.png Graphic file (type png)
<use Immagini/AttoriPrimari.png>
Package pdftex.def Info: Immagini/AttoriPrimari.png  used on input line 6.
(pdftex.def)             Requested size: 390.0pt x 158.37776pt.
[7



 <./Immagini/AttoriPrimari.png>]
<Immagini/AttoriFinali.png, id=39, 72.27pt x 86.57344pt>
File: Immagini/AttoriFinali.png Graphic file (type png)
<use Immagini/AttoriFinali.png>
Package pdftex.def Info: Immagini/AttoriFinali.png  used on input line 19.
(pdftex.def)             Requested size: 58.49762pt x 70.07521pt.

Overfull \hbox (60.0692pt too wide) in paragraph at lines 30--78
 [][] 
 []


LaTeX Warning: `!h' float specifier changed to `!ht'.

<Immagini/DiagrammaCasiUso.png, id=40, 639.13782pt x 387.69844pt>
File: Immagini/DiagrammaCasiUso.png Graphic file (type png)
<use Immagini/DiagrammaCasiUso.png>
Package pdftex.def Info: Immagini/DiagrammaCasiUso.png  used on input line 84.
(pdftex.def)             Requested size: 390.0pt x 236.5726pt.

Underfull \hbox (badness 10000) in paragraph at lines 82--86

 []

[8 <./Immagini/AttoriFinali.png>] [9]
Overfull \hbox (1.589pt too wide) in paragraph at lines 89--90
\OT1/cmr/m/n/12 Come de-scrit-to in pre-ce-den-za que-sto ca-so d'u-so rac-chiu
-de le ope-ra-zio-ni CRUD
 []

[10 <./Immagini/DiagrammaCasiUso.png>]
Underfull \hbox (badness 2351) in paragraph at lines 126--127
[]|\OT1/cmr/m/n/12 {$[]$ (vo-glio-no ese-gui-re le lo-ro
 []


Underfull \hbox (badness 3547) in paragraph at lines 129--130
[]|\OT1/cmr/m/n/12 {$[]$ (vuo-le ri-ce-ve-re le
 []


Overfull \hbox (4.69606pt too wide) in paragraph at lines 137--138
[]|[]| 
 []


Overfull \hbox (5.69879pt too wide) in alignment at lines 115--151
 [] [] 
 []


Underfull \vbox (badness 10000) detected at line 151
 []


Underfull \hbox (badness 5578) in paragraph at lines 157--158
[]|\OT1/cmr/m/n/12 10.A Ven-go-no in-via-te no-ti-fi-che in ma-nie-ra
 []


Overfull \hbox (5.69879pt too wide) in alignment at lines 151--163
 [] [] 
 []

[11] [12]) [13]
\openout2 = `Capitoli/Analisi_dei_requisiti.aux'.

 (Capitoli/Analisi_dei_requisiti.tex
Capitolo 5.
) [14



]
\openout2 = `Capitoli/Progettazione.aux'.

 (Capitoli/Progettazione.tex
Capitolo 6.
) [15



]
\openout2 = `Capitoli/Implementazione.aux'.

 (Capitoli/Implementazione.tex
Capitolo 7.
) [16



] (main.bbl

LaTeX Warning: Empty `thebibliography' environment on input line 3.

) [17


] (main.aux (coverpage.aux) (Capitoli/Introduzione.aux)
(Capitoli/Processo_di_sviluppo.aux) (Capitoli/Documento_di_visione.aux)
(Capitoli/Specifica_dei_requisiti.aux) (Capitoli/Analisi_dei_requisiti.aux)
(Capitoli/Progettazione.aux) (Capitoli/Implementazione.aux))

LaTeX Font Warning: Some font shapes were not available, defaults substituted.

 ) 
Here is how much of TeX's memory you used:
 23344 strings out of 492484
 451236 string characters out of 3120242
 557158 words of memory out of 3000000
 27144 multiletter control sequences out of 15000+200000
 10731 words of font info for 38 fonts, out of 3000000 for 9000
 1141 hyphenation exceptions out of 8191
 68i,12n,64p,1015b,601s stack positions out of 5000i,500n,10000p,200000b,50000s
<C:/Users/Giuseppe/AppData/Local/Programs/MiKTeX 2.9/fonts/type1/public/amsfo
nts/cm/cmbx12.pfb><C:/Users/Giuseppe/AppData/Local/Programs/MiKTeX 2.9/fonts/ty
pe1/public/amsfonts/cm/cmcsc10.pfb><C:/Users/Giuseppe/AppData/Local/Programs/Mi
KTeX 2.9/fonts/type1/public/amsfonts/cm/cmr12.pfb><C:/Users/Giuseppe/AppData/Lo
cal/Programs/MiKTeX 2.9/fonts/type1/public/amsfonts/cm/cmsy10.pfb><C:/Users/Giu
seppe/AppData/Local/Programs/MiKTeX 2.9/fonts/type1/public/amsfonts/cm/cmti12.p
fb>
Output written on main.pdf (18 pages, 425987 bytes).
PDF statistics:
 92 PDF objects out of 1000 (max. 8388607)
 0 named destinations out of 1000 (max. 500000)
 33 words of extra memory for PDF output out of 10000 (max. 10000000)

